<?xml version="1.0" encoding="UTF-8"?>
<testsuite name="com.example.gitstudy2.Filter.ListFilterTestSpock" tests="2" skipped="0" failures="0" errors="0" timestamp="2025-01-13T20:10:18" hostname="GYU" time="0.066">
  <properties/>
  <testcase name="filter" classname="com.example.gitstudy2.Filter.ListFilterTestSpock" time="0.057"/>
  <testcase name="exception" classname="com.example.gitstudy2.Filter.ListFilterTestSpock" time="0.008"/>
  <system-out><![CDATA[]]></system-out>
  <system-err><![CDATA[]]></system-err>
</testsuite>
