<?xml version="1.0" encoding="UTF-8"?>
<testsuite name="com.example.gitstudy2.CalculatorTest" tests="4" skipped="0" failures="0" errors="0" timestamp="2025-01-12T19:34:46" hostname="GYU" time="0.025">
  <properties/>
  <testcase name="[1] a=-10, b=5" classname="com.example.gitstudy2.CalculatorTest" time="0.015"/>
  <testcase name="[2] a=1, b=-100" classname="com.example.gitstudy2.CalculatorTest" time="0.001"/>
  <testcase name="[1] a=10, b=5, expected=15" classname="com.example.gitstudy2.CalculatorTest" time="0.003"/>
  <testcase name="[2] a=0, b=0, expected=0" classname="com.example.gitstudy2.CalculatorTest" time="0.001"/>
  <system-out><![CDATA[]]></system-out>
  <system-err><![CDATA[]]></system-err>
</testsuite>
